<?xml version="1.0" encoding="UTF-8"?>
<!-- Generated by org.testng.reporters.JUnitReportReporter -->
<testsuite hostname="Dell-PC" failures="0" tests="1" name="practice.DemoGit" time="0.015" errors="0" timestamp="2021-12-09T13:46:50 IST" skipped="0">
  <testcase classname="practice.DemoGit" name="DemoTest" time="0.015"/>
  <system-out/>
</testsuite> <!-- practice.DemoGit -->
