<?xml version="1.0" encoding="UTF-8"?>
<!-- Generated by org.testng.reporters.JUnitReportReporter -->
<testsuite skipped="0" hostname="Surakshitha" name="practice.DemoGit" tests="1" failures="0" timestamp="09 Dec 2021 09:37:42 GMT" time="0.018" errors="0">
  <testcase name="DemoTest" time="0.018" classname="practice.DemoGit"/>
</testsuite> <!-- practice.DemoGit -->
